<?xml version="1.0" encoding="UTF-8"?>
<!-- Generated by org.testng.reporters.JUnitReportReporter -->
<testsuite skipped="1" hostname="DESKTOP-IMFD16G" name="Academy.E2EProjectAgain.ValidateNavbarTest" tests="1" failures="0" timestamp="2023-01-17T15:59:47 IST" time="0.000" errors="0">
  <testcase name="ValidateNav" time="0.000" classname="Academy.E2EProjectAgain.ValidateNavbarTest">
    <skipped/>
  </testcase> <!-- ValidateNav -->
  <system-out/>
</testsuite> <!-- Academy.E2EProjectAgain.ValidateNavbarTest -->
