<?xml version="1.0" encoding="UTF-8"?>
<!-- Generated by org.testng.reporters.JUnitReportReporter -->
<testsuite hostname="payalsi-GIFT" failures="0" tests="1" name="Academy.E2EProjectAgain.HomePageTest" time="5.379" errors="0" timestamp="2022-01-19T12:49:55 IST" skipped="0">
  <testcase classname="Academy.E2EProjectAgain.HomePageTest" name="LoginLink" time="5.379"/>
  <system-out/>
</testsuite> <!-- Academy.E2EProjectAgain.HomePageTest -->
